2016-04-06 13:01:09 - PHP Warning:  fsockopen(): unable to connect to ssl://smtp.gmail.com:465 (Connection timed out) in /home/u533731456/public_html/system/library/mail.php on line 167
2016-04-06 13:05:40 - PHP Warning:  fsockopen(): SSL operation failed with code 1. OpenSSL Error messages:
error:140770FC:SSL routines:SSL23_GET_SERVER_HELLO:unknown protocol in /home/u533731456/public_html/system/library/mail.php on line 167
2016-04-06 13:05:40 - PHP Warning:  fsockopen(): Failed to enable crypto in /home/u533731456/public_html/system/library/mail.php on line 167
2016-04-06 13:05:40 - PHP Warning:  fsockopen(): unable to connect to ssl://smtp.gmail.com:587 (Unknown error) in /home/u533731456/public_html/system/library/mail.php on line 167
2016-04-06 13:07:36 - PHP Warning:  fsockopen(): unable to connect to ssl://smtp.gmail.com:465 (Connection timed out) in /home/u533731456/public_html/system/library/mail.php on line 167
2016-04-06 13:16:07 - PHP Warning:  fsockopen(): unable to connect to ssl://smtp.gmail.com:465 (Connection timed out) in /home/u533731456/public_html/system/library/mail.php on line 167
2016-04-07 15:31:57 - PHP Warning:  fsockopen(): unable to connect to ssl://smtp.gmail.com:465 (Connection timed out) in /home/u533731456/public_html/system/library/mail.php on line 167
2016-04-07 15:33:39 - PHP Warning:  fsockopen(): unable to connect to ssl://smtp.gmail.com:465 (Connection timed out) in /home/u533731456/public_html/system/library/mail.php on line 167
2016-04-07 15:34:14 - PHP Warning:  fsockopen(): unable to connect to ssl://smtp.gmail.com:465 (Connection timed out) in /home/u533731456/public_html/system/library/mail.php on line 167
2016-04-07 15:39:50 - PHP Warning:  fsockopen(): unable to connect to smtp.gmail.com:465 (Connection timed out) in /home/u533731456/public_html/system/library/mail.php on line 167
2016-04-07 15:42:48 - PHP Warning:  fsockopen(): SSL operation failed with code 1. OpenSSL Error messages:
error:140770FC:SSL routines:SSL23_GET_SERVER_HELLO:unknown protocol in /home/u533731456/public_html/system/library/mail.php on line 167
2016-04-07 15:42:48 - PHP Warning:  fsockopen(): Failed to enable crypto in /home/u533731456/public_html/system/library/mail.php on line 167
2016-04-07 15:42:48 - PHP Warning:  fsockopen(): unable to connect to ssl://smtp.gmail.com:587 (Unknown error) in /home/u533731456/public_html/system/library/mail.php on line 167
2016-04-07 15:43:31 - PHP Warning:  fsockopen(): SSL operation failed with code 1. OpenSSL Error messages:
error:140770FC:SSL routines:SSL23_GET_SERVER_HELLO:unknown protocol in /home/u533731456/public_html/system/library/mail.php on line 167
2016-04-07 15:43:31 - PHP Warning:  fsockopen(): Failed to enable crypto in /home/u533731456/public_html/system/library/mail.php on line 167
2016-04-07 15:43:31 - PHP Warning:  fsockopen(): unable to connect to ssl://smtp.gmail.com:587 (Unknown error) in /home/u533731456/public_html/system/library/mail.php on line 167
2016-04-07 15:43:33 - PHP Warning:  fsockopen(): SSL operation failed with code 1. OpenSSL Error messages:
error:140770FC:SSL routines:SSL23_GET_SERVER_HELLO:unknown protocol in /home/u533731456/public_html/system/library/mail.php on line 167
2016-04-07 15:43:33 - PHP Warning:  fsockopen(): Failed to enable crypto in /home/u533731456/public_html/system/library/mail.php on line 167
2016-04-07 15:43:33 - PHP Warning:  fsockopen(): unable to connect to ssl://smtp.gmail.com:587 (Unknown error) in /home/u533731456/public_html/system/library/mail.php on line 167
2016-04-07 15:43:36 - PHP Warning:  fsockopen(): SSL operation failed with code 1. OpenSSL Error messages:
error:140770FC:SSL routines:SSL23_GET_SERVER_HELLO:unknown protocol in /home/u533731456/public_html/system/library/mail.php on line 167
2016-04-07 15:43:41 - PHP Warning:  fsockopen(): Failed to enable crypto in /home/u533731456/public_html/system/library/mail.php on line 167
2016-04-07 15:43:41 - PHP Warning:  fsockopen(): unable to connect to ssl://smtp.gmail.com:587 (Unknown error) in /home/u533731456/public_html/system/library/mail.php on line 167
2016-04-07 16:18:14 - PHP Warning:  fsockopen(): unable to connect to ssl://smtp.gmail.com:465 (Connection timed out) in /home/u533731456/public_html/system/library/mail.php on line 167
2016-04-07 16:20:03 - PHP Warning:  fsockopen(): unable to connect to ssl://smtp.gmail.com:465 (Connection timed out) in /home/u533731456/public_html/system/library/mail.php on line 167
2016-04-07 16:24:20 - PHP Warning:  fsockopen(): unable to connect to mx1.hostinger.vn:2525 (Connection timed out) in /home/u533731456/public_html/system/library/mail.php on line 167
2016-04-07 16:58:42 - PHP Warning:  fsockopen(): unable to connect to ssl://smtp.gmail.com:465 (Connection timed out) in /home/u533731456/public_html/system/library/mail.php on line 167
2016-04-07 17:05:19 - PHP Warning:  fsockopen(): unable to connect to aspmx.l.google.com:25 (Connection timed out) in /home/u533731456/public_html/system/library/mail.php on line 167
2016-04-07 17:15:22 - PHP Warning:  fsockopen(): unable to connect to aspmx.l.google.com:25 (Connection timed out) in /home/u533731456/public_html/system/library/mail.php on line 167
